2025.03.30 18:03:40 INFO  tracing is disabled for protocol LSP, to enable tracing of incoming and outgoing JSON messages create an empty file at c:\Users\carlo\Documents\GitHub\pmcl_website\.metals\lsp.trace.json
2025.03.30 18:03:47 ERROR Failed to get project directories
java.util.concurrent.TimeoutException: Future timed out after [5 seconds]
	at scala.concurrent.impl.Promise$DefaultPromise.tryAwait0(Promise.scala:248)
	at scala.concurrent.impl.Promise$DefaultPromise.result(Promise.scala:261)
	at scala.concurrent.Await$.$anonfun$result$1(package.scala:201)
	at scala.concurrent.BlockContext$DefaultBlockContext$.blockOn(BlockContext.scala:62)
	at scala.concurrent.Await$.result(package.scala:124)
	at scala.meta.internal.metals.MetalsProjectDirectories$.$anonfun$wrap$1(MetalsProjectDirectories.scala:43)
	at scala.util.Try$.apply(Try.scala:217)
	at scala.meta.internal.metals.MetalsProjectDirectories$.wrap(MetalsProjectDirectories.scala:41)
	at scala.meta.internal.metals.MetalsProjectDirectories$.fromPath(MetalsProjectDirectories.scala:34)
	at scala.meta.internal.bsp.BspServers$.globalInstallDirectories(BspServers.scala:209)
	at scala.meta.internal.metals.MetalsServerInputs$.productionConfiguration(MetalsServerInputs.scala:75)
	at scala.meta.metals.MetalsLanguageServer$.$lessinit$greater$default$3(MetalsLanguageServer.scala:48)
	at scala.meta.metals.Main$.main(Main.scala:52)
	at scala.meta.metals.Main.main(Main.scala)

2025.03.30 18:04:22 ERROR Failed to get project directories
java.util.concurrent.TimeoutException: Future timed out after [5 seconds]
	at scala.concurrent.impl.Promise$DefaultPromise.tryAwait0(Promise.scala:248)
	at scala.concurrent.impl.Promise$DefaultPromise.result(Promise.scala:261)
	at scala.concurrent.Await$.$anonfun$result$1(package.scala:201)
	at scala.concurrent.BlockContext$DefaultBlockContext$.blockOn(BlockContext.scala:62)
	at scala.concurrent.Await$.result(package.scala:124)
	at scala.meta.internal.metals.MetalsProjectDirectories$.$anonfun$wrap$1(MetalsProjectDirectories.scala:43)
	at scala.util.Try$.apply(Try.scala:217)
	at scala.meta.internal.metals.MetalsProjectDirectories$.wrap(MetalsProjectDirectories.scala:41)
	at scala.meta.internal.metals.MetalsProjectDirectories$.from(MetalsProjectDirectories.scala:27)
	at scala.meta.internal.metals.BloopServers$.createBloopWorkingDir(BloopServers.scala:440)
	at scala.meta.internal.metals.BloopServers.<init>(BloopServers.scala:67)
	at scala.meta.internal.metals.ProjectMetalsLspService.<init>(ProjectMetalsLspService.scala:143)
	at scala.meta.internal.metals.WorkspaceLspService.createService(WorkspaceLspService.scala:247)
	at scala.meta.internal.metals.WorkspaceLspService.$anonfun$workspaceFolders$1(WorkspaceLspService.scala:254)
	at scala.collection.immutable.List.map(List.scala:247)
	at scala.meta.internal.metals.WorkspaceFolders.initServices(WorkspaceFolders.scala:43)
	at scala.meta.internal.metals.WorkspaceFolders.<init>(WorkspaceFolders.scala:22)
	at scala.meta.internal.metals.WorkspaceLspService.<init>(WorkspaceLspService.scala:252)
	at scala.meta.metals.MetalsLanguageServer.createService(MetalsLanguageServer.scala:219)
	at scala.meta.metals.MetalsLanguageServer.initialize(MetalsLanguageServer.scala:160)
	at jdk.internal.reflect.NativeMethodAccessorImpl.invoke0(Native Method)
	at jdk.internal.reflect.NativeMethodAccessorImpl.invoke(NativeMethodAccessorImpl.java:77)
	at jdk.internal.reflect.DelegatingMethodAccessorImpl.invoke(DelegatingMethodAccessorImpl.java:43)
	at java.lang.reflect.Method.invoke(Method.java:569)
	at org.eclipse.lsp4j.jsonrpc.services.GenericEndpoint.lambda$recursiveFindRpcMethods$0(GenericEndpoint.java:65)
	at org.eclipse.lsp4j.jsonrpc.services.GenericEndpoint.request(GenericEndpoint.java:128)
	at org.eclipse.lsp4j.jsonrpc.RemoteEndpoint.handleRequest(RemoteEndpoint.java:271)
	at org.eclipse.lsp4j.jsonrpc.RemoteEndpoint.consume(RemoteEndpoint.java:201)
	at org.eclipse.lsp4j.jsonrpc.json.StreamMessageProducer.handleMessage(StreamMessageProducer.java:185)
	at org.eclipse.lsp4j.jsonrpc.json.StreamMessageProducer.listen(StreamMessageProducer.java:97)
	at org.eclipse.lsp4j.jsonrpc.json.ConcurrentMessageProcessor.run(ConcurrentMessageProcessor.java:114)
	at java.util.concurrent.Executors$RunnableAdapter.call(Executors.java:539)
	at java.util.concurrent.FutureTask.run(FutureTask.java:264)
	at java.util.concurrent.ThreadPoolExecutor.runWorker(ThreadPoolExecutor.java:1136)
	at java.util.concurrent.ThreadPoolExecutor$Worker.run(ThreadPoolExecutor.java:635)
	at java.lang.Thread.run(Thread.java:840)

2025.03.30 18:04:22 INFO  logging to files C:\Users\carlo\Documents\GitHub\pmcl_website\.metals\metals.log
2025.03.30 18:04:22 INFO  Started: Metals version 1.5.2 in folders 'C:\Users\carlo\Documents\GitHub\pmcl_website' for client Visual Studio Code 1.98.2.
2025.03.30 18:04:23 INFO  time: initialize in 0.22s
2025.03.30 18:04:39 WARN  no build tool detected in workspace 'C:\Users\carlo\Documents\GitHub\pmcl_website'. The most common cause for this problem is that the editor was opened in the wrong working directory, for example if you use sbt then the workspace directory should contain build.sbt. 
2025.03.30 18:04:39 WARN  Build server is not auto-connectable.
